i feel absolutely not in the country 's précepteur role as could be springer and i do not intend to be part of these international leagues like the time , these companies have taken much too much importance .
beauty integral
anything you want , in terms of beauty and prosperity and within reach .
that is the target quesemble having el confederation inglés just introduced in the commercial centre of multidisciplinary callao , in madrid , an area of more than 1,000 m2 , dedicated to the care and attentiondu body .
the spa , located on the eighth floor , houses enseignes prestigious as hedonai , expert of the épilation laser , spaxion , with its relaxation rooms and aesthetic of treatments , luis & tachi hairdressers , marina gold , with a sports hall , or occitan cosmetic and its natural , among others .
there is also a radius food with a particular tea shop , which proposes more than 130 different kinds .
spaxion among other suggest that we enjoy a massage relaxant exceptional with your companion , while looking the views on the capital , or praise for two hours the relax area in order to organize your own " beauty party " with eight of your friends , and you relaxer thanks to a session of jacuzzi , massages while drinking a cup of champagne .
in total , 250 m2 distributed in 12 rooms , where it can receive care the face of the most innovative and hydrothérapie body .
as , for example , cavitation to combat the cellulite or the vibrant platforms .
the sport has room for these devices , as well as " trainers ' not virtual informing the customer , offering them fully personalised treatment .
starts with the introduction of your code staff on a screen tactile located in front of the device .
several videos show us how carry out our programme for properly exercises .
its director ensures that 15 minutes - including échauffement and étirements - , are enough to do work all the muscles of the body .
and , if after work our bodies , we want to go through the hairdressing salon , teaches luis & tachi has a room where the proposal of ritual repair the hair , or nutrition , personalised daylight .
innovation and exclusive appear to have been the key words of this urban spa , which will be open every day of the year of 10h to 22h .
different décolletés
christmas and it is never unnecessary to study the look of stars to adjust it to our garde-robe of celebration .
the form of décolleté very important to highlight the size , is one which we must take into account variables .
here are a few suggestions .
the singer fergie chose a décolleté exaggerated and complicated . it is not very advised .
endesa and barcelona , itself the electric car
electricity company , endesa , together with the ayuntamiento barcelona , has created " oficina live ' .
it is a project aimed to develop and promote electric vehicle in the catalan capital .
" oficina live ' - logistics for the establishment of the electric vehicle - define and coordinate the road map for the establishment of an electric car in the city and will implement agreements on mobility , through steps to coordinate with subsidies and so on .
moreover , developing the project movele , promote the electric car , will the view and the work of the sectors involved .
in final , the idea is to launch what will become transport of the future .
3 ' electricity cities '
but barcelona , is not the only city who will be involved in the establishment of the electric car in spain .
madrid and seville come join the project .
the three cities chosen by the government within the framework of the plan movele , to launch the establishment of the electric car .
electricity company , endesa has already signed a framework agreement with the generalitat of catalonia .
it aims to promote the activities of technological research and development in the autonomous community of catalonia .
among these are the activities relating to energy , especially on energy efficiency .
this is not the only initiative participate endesa with regard to the promotion of the electric car .
the company takes part in groups to standardize at european level and complementary during a series of projects such as the g4v , elvire or cenit verdi .
zapatero sees a future of peace " for the sector of the engine
the president of the government , jose luis rodríguez zapatero , sees " a future of peace " for the spanish car industry , which , he said , is the main export sector in the country .
during the presentation of the president 's economic report for 2009 , zapatero 's government has recalled the measures taken by the executive during the year to sustain the automotive sector .
" without a plan for the automotive industry competitive today , we would have a landscape abandoned , closure of some of our key production sites , said the president of the government .
" through this plan and brand to the decision to remain in spain , in a highly competitive sector , we can see a future of peace for the future of this industry , which is our main export sector , " he added .
in this regard , it pointed out that the plan of competitiveness , included in the plan full automotive - member , has spent 800 million euros for 19 projects manufacturers and 137 auxiliary businesses , which have used an investment of more than 3,000 million euros .
the chief executive has explained that the investment was intended as well to the development of new models to the modernization of existing products and processes .
zapatero has also stressed the government measures to support the demand , referring to plan 2000e , developed in collaboration with the autonomous communities and automobile companies .
according to the president , this plan has led to a reduction of 6 % average emissions from new cars sold on the spanish market and has contributed to a " significant increase " immatriculations , which grew by 40 percent in november .
20,000 square metres of cars for collectors
madrid welcomes the first edition of the salon internationaldes cars for collectors , an area of passionate meeting for professionals and the engine of the world .
this initiative will take place from 5 to 7 february 2010 at the pabellón ball of the casa de campo of madrid .
ils' exposure is an area of 20,000 square metres , where will present more than 200 exposants domestic and international .
we can not only find effect and car collectors , but it will also classicauto madrid articles in any way connected to the world of motor .
flag and , in exposants , we can find some props , spare parts , components , accessories textiles , miniature , magazines , and supplements .
hundreds of items related to the world of motor collection will happiness and curious collectors , however .
among the companies involved , we find , among others , clásicos mos car sales and good old times , specialists , juan lumbreras , catering , coupe-francisco pueche sale and restoration of automobiles , or cochera clásicos mercedes benz specialist .
aptitude test into outside
but commercial activity of this show will also include activities parallels : gatherings , exhibitions , aptitude tests , presentations and sports competitions .
aptitude tests with cars and effect for collectors will also take place on a circuit made outside the park exhibitions .
mazda3 i-stop : sporting spirit sustainable
mazda intends to prove the sporting spirit is not angry with respect for the environment .
for this purpose , it comes to include on the mazda3 the ruling system and to start the engine , called i-stop , an arrangement that , at least for now , is available on the gasoline engine 2.0 150 horses .
this second generation mazda3 shows by the note that it did in its entirety .
details , finishing the vehicle , the habitabilité , behaviour and mechanism , the system i-stop ...
all these aspects are remarkable about the new mazda3 .
starting with the driving position , it appears that the seats fronts presents a ergonomie and excellent setting .
the affect of the wheel is also very pleasant .
by continuing with all formed by both the picture of control and equipment , we see how mazda japanese continued along the tendency to create an internal futuristic design , with many buttons and orders , along with vivid colors red and blue .
this style reminds us , in part , from the honda civic .
therefore we can say that both the mazda3 and the civic , both japanese , contrast with the reticence of german products , and in particular with the volkswagen golf , which all want to overcome .
in compact with the japanese , this car shop presents a habitabilité sufficient to allow four adults to travel with a high level of comfort .
comes on top of it a great trunk to regular forms .
engine arrest and launch automatic system , at least for now , is available on the gasoline engine two litres and 150 horses and change manual of six speeds .
this engine is a true happiness . it shows by its delicacy , low noise , benefits and control of its consumption .
indeed , although the most requested mazda3 are diesel models , those who do not carry out a large number of kilometres per year should not exclude this i-stop speed with gasoline engine , both for his great comfort that controlled for its consumption .
concerning the level of equipment , the model chosen for the test is sport , in other words that contains the largest number of elements of series .
series of equipment , the assistant of road - rvm change that removes one death , controls on speed traction and stability , the regulator , the mirror internal photosensible , a computer on board on a large screen size , the independent parking sensors , air conditioning , the capteur of rain and light , the bluetooth and audio , as well as the wheels of the bluetooth alignment of 17 inches , are particularly noteworthy .
in addition , as if this equipment is not enough , this premium version had the pack , which for 1,500 euros more , include elements of adaptive headlights bi-xénon and an audio system bose with charger records .
conclusion
the mazda3 2.0 i-stop is one of best cars compactes of its category .
it can be illustrated in particular by the quality of the materials used , by his behaviour and by its high standard equipment .
moreover , those who do not perform many kilometres per year can choose the i-stop involved only the gasoline engine version 2.0 of 150 horses .
the only drawback of this model is its high price , which is between 21 770 euros for finishing luxury and 23 270 euros for the tested , the sports model .
for this large sum , the mazda3 every day we will offer a high degree of satisfaction .
' first of luxury
l.a. include the red carpet for sensualité embodied by penélope cruz , nicole kidman and fergie .
the stars more than ever we have blinded , vêtues of as elegant as sexys models for the release of nine . - pictures : gtresonline .
our ' ep " , as sophisticated as used , had opted for a " lady ' dark .
the promise of fonpeek
peek is extremely limited , it is a system which allows only to watch his electronic mail , without the opportunity to see even kind of coins attached or browsing internet .
it profita his five minutes of glory in the united states when the magazine désigna as one of the products of the year .
in truth , it is more difficult to see in the street , but the idea seems interesting , especially for the young .
unlike smart phones , peek offers a very low price and a monthly subscription , less than half of the costs , for example , the subscription data iphone .
given his success , the company has launched two new devices : one designed exclusively for twitter , another with a free service of data for life , for six times more expensive than the peek .
fonpeek , presented yesterday during the event the web , is the european version of the invention and his third incarnation .
it is so limited that the american grand-frère , but has come as a surprise .
the price of its monthly subscription , approximately 12 euros , includes roaming throughout europe .
those who travel with a smartphone already know what represents the abandonment to data when you cross the border or seek desperately a cafeteria on the wifi - or a connection to fon - to be able to check his mail .
the idea of a roaming a fixed price is incredibly seductive and long should operate .
indeed , some operators have special arrangements and options journey , but for me , i would need to have a thesis in physics for the understanding and good glasses to read the fine print .
repeated calls to order from the commission to propose roaming fees affordable in the whole of europe took a barely perceptible effect .
outside his home country , we hesitate to use the data , and was not wrong .
only a small plane as fonpeek - it is always curious he is called fon so that it does not possess the wifi - offer this kind of tariffs , means that operators are starting to think differently and study various proposals to increase their network of data .
kindle is another good example , he understands downloading books and other research on the internet .
without charges and without together .
it comes with a device connected and it pays during his buying and not every month .
and i hope to see a day for the fonpeek : an option to purchase with access to life as peek proposes already in the united states .
rather that i want to to buy it .
i look my mail on my phone , thank you .
i hope simply because i believe it is a fairer formula for the consumer .
it would be interesting to see a computer presenting the same system .
preferred colour of michelle
preferred the yellow is without doubt , the colour of the united states ' first lady .
if it went to the assumption of office of barack obama to the american presidency with a habit ' and a coat of this color , indeed , she chose the same for supporting it in the second moment , without doubt , the most important of his life in oslo : the award of the nobel peace prize .
michelle obama was a very similar both times : besides colour ressemblante model , a yellow shooting towards the green with brilliant reflections , twice , holding consisted of three parts : the habit ' , jacket and , at the same , tissue and coats ornée of great broderie or a string .
so that a first glance , it would seem that the first lady of the united states follows the aftermath of princess of asturias and has chosen to put the same kept .
but the fabric where are carved up two sets makes them very different .
if the assumption of office it was a dentelle thick , instead it was printed in oslo a velvet .
the accessories also are different : green shoe heel means for the first golden opportunity , and a similar model , but this time .
hairdressing too has changed : the hair are now met even though it was abandoned the previous times .
75 % of professional working mothers had problems because of their maternity
discrimination in the workplace has increased in recent years , especially for women younger generations who want to be mothers .
that reveals the study " fertility and women 's professional career in spain , " carried out by the csic in collaboration with the instituto de la mujer .
the survey , conducted on 9 737 women from 15 to 75 , leaves no room for doubt : 75 percent of working mothers limited because of the maternity have seen their careers .
the study indicates that there are many differences regarding the beginning of life in couple , and the number of children , whether or not the woman works and occupied the type of job .
those who do not have any activity outside the home , work part time , or have a stable work little , they are earlier in a partnership , have their first pregnancy earlier and have more children .
however , women who have a stable job , mainly in the public sector , postpone entry into life couple and the first pregnancy , and having fewer children .
women between 35 and 49 years with a fixed work have their first child , on average , 3.7 years after having built in couple . this figure is 4.1 among those in the public sector . " these data show that women have a stable job requiring more time in their lives for that , which led them to postpone the union and the arrival of children .
more broadly , the type of job exercised influence the maternity , but less common the starting date of life , " explains the chercheuse csic margarita delgado .
the level of education is another factor widening the gap of age of marriage women and their first child .
according to the survey , the higher the level of training is high , the more they have marient and have their first child later .
the difference is also maintains among women from the same generation .
for example , in the group having between 35 and 49 years , those who have made elementary and higher studies have been mothers respectively for the first time to 25,1 and to 32,1 years on average .
' another disctinction appears among women according to their level of education .
while those who have done basic studies marient and have their first child had to find a stable job , those studies of average level or above reverse it and give priority to obtain a stable job as a condition for marriage and the arrival of a child , " stipulates mrs delgado .
diane kruger also the well worth
the cosmetic paris just to add a new name to his list jalousée of ambassadors : diane kruger .
from next year , the german actress will embody the image of a number of the brand products , entonnant the universal motto ' because i am worth " .
the originator of merry christmas , one of the most elegant players on the international scene , involves join other celebrities included among the cosmetic paris , like linda evangelista , jane founded , andie macdowell , eva longoria and the spanish penélope cruz .
before it , the last to enter this club if select have been the players evangeline lilly , lost , and freida pinto , this millonaire .
among men , the hallmark of cosmetics account by the ambassadors of luxury : patrick dempsey - dre grey , lessons of anatomy and matthew fox , the companion of evangeline in lost .
the british way prices
they have a lot to say in the world of the fashion .
its greatest representatives , creators and models , yesterday and today , gathered for their annual award price , which took place in london at the royal court of justice .
nobody missed the deadline .
the former mannequin jerry hall and his daughter , georgia may jagger , best mannequin elected this year .
poker to have manual vincent
manuel vincent offers us in poquer ases - alfaguara , indications of fernando vicente - thirty ' radiographies ' d ' literary writers who have crossed his life - and sometimes , his former life .
it does not according to gender , predictable and apprehended , summary biographique , life and work , but in seeking something similar to the core of ignition of figure created .
travel is exciting and vincent n ' saving nor the scares or the illuminations .
delicious fun , this book is also moving an invitation to the readings and relectures .
leaves you here some snapshots .
on albert camus : " in its pages , i discovered that the mediterranean " was not a sea , but an almost physical , pulsion spiritual , it even my experience with the name : the delight against the sad fate , morals without guilt and innocence without any god . "
on samuel beckett , nihilistic , allégorique christian , he wrote what he had in the blood , not in the head , between the helplessness and ignorance , with a splendid poetic humour , fierce meaningless , like the sword of the knife that failed the killing . "
on graham greene : " our man has been inspired by her passion which lasted 13 years , in the flesh of which he conjugua emotion of adultery in a spiritual joy of compunction , a privilege that was to reach the sky by the road to perdition . "
on james joyce : " ulysses was published in paris in 1922 by sylvia beach . it is one of the eight thousand metres summits of the universal literature , he must climb in the north , on which the best alpinistes dropping still and always taken . "
on william faulkner : " this was a strange kind .
sometimes for itself , he said that he was the heir of a county landowner and at other times that he was the son of a black and a crocodile .
these two dreams were of greatness . "
on louis-ferdinand céline : ' this recueillit writer what it has pushed for a bridge by this man of munch for its response to the bottom of the night of the 20th century , in its literary form , as he did in the flight of and invoking the violent after the fact with a speech to the asticots . "
on dorothy parker : " one day she began to its knees and prayed : " dear god , i beg you to do that i keep write as a woman . "
on joseph conrad : " on his tomb were set to spenser : ' sleep after the effort , and after the storm / the rest after the war , the port / tired after life , death are pleased with . "
on virginia wolf : " in her luggage she also carried its breakdowns .
her husband was very normally it to tell him that " eduard vii épiait between the azalées or that the birds chantaient in greek .
has never seen a man as patient , and in love with a neurotic whose talent literary exceeded the madness . "
on pío baroja : " what did martín-santos if not try to conceal joyce among baroja ?
that tried benet if it is not to do fusiller baroja by faulkner ?
that made it if it is to aspire the glory of this man to serve him to grace ? "
an cowardly aggression
last week , my mother , who approximately 70 years ago , promenait fuenlabrada in our district of the city , when a group of young people between 15 and 18 years spent in addition to it and our dog , a sang-mélé , saved the spa and weighing no more than six kilos , and without saying a word , they assenèrent feet who grew the dog seriously wounded two birds .
our indignation is great because we do not see what it is free amusing to attack on a small animal without defence which , in addition , was on a leash .
this is in addition to the outrage of a lady who is promenait quietly and , when it came injuria these individuals to fear for physical integrity as a énergumène attacking an animal is capable of doing the same thing to a woman , a child , a ' or , in the final analysis , anyone lower than him .
the episode held at around 5 p.m. , a tuesday like any other , in an area normally quiet .
the dog has gémi any day .
naturally , we filed complaints to the station even though we doubt that it furthers district of much and not to touch the sensitivities , we just want to clarify that cowards murderers were spanish .
indignation has led us to denounce this fact .
we do not understand what is happening youth to find amusing to mistreat free an animal without defence which gives us the love , friendship and keeps us company .
we do not know where is the good education and the respect for animals and persons .
michelin and fesvial sets for the port 's helmet
the tyre manufacturer michelin , in collaboration with the spanish foundation for road safety , fesvial , has launched a campaign to encourage the port of helmet , mainly among motorcyclists youngsters like said today the two structures .
this initiative aims to raise awareness of the importance of the port 's helmet , since it is the only element of protection to avoid head injuries , or even death , in case of an accident in two wheels .
michelin said that this campaign was in keeping with his commitment to road safety , which goes beyond the design and manufacture of products increasingly safe " , and said that it contributes to this goal by other actions to educational and informative .
this new campaign encouraging the port of helmet into two wheels , under the motto " to be but not to be , " a first stage in which include posters will be distributed in more than 500 garages effect , in order to guarantee the widest spread .
finally , michelin has stressed that the safety " is a constant concern for the company , because as a tyre manufacturer vehicles on two wheels , one of its main objectives is to develop products increasingly safe .
the sale of light commercial vehicles is progressing
after almost two years , the light commercial vehicles market beginning to see some light at the end of the tunnel .
the 9 425 vehicles registered in november in spain is an increase of 12.6 % compared to 2008 and , more importantly , they represent the first increase after 22 consecutive month of decline , according to the figures of the union patronal anfac and ganvam producers , the dealers .
needs to qualify the good news , however , since the reference for comparison , the month of november 2008 , was particularly bad , with a reduction of 60 % compared with the previous year .
as a result , despite the events of last month , the immatriculations accumulated during these 11 months are 40 per cent below those of the previous year .
since january , if you add all vehicles entering the category of light commercial vehicles - derived from cars , pick-up , vans , fourgons slight and light trucks to windows 95 853 were sold .
large clouds that affect their request did not removed . in fact , despite being bought by individuals , most purchases are made by small and medium enterprises , who pay in nearly 100 % of the cases thanks to an external funding .
as more restrictions involved by limiting the bank credits , we should add other factors such as the rise in the unemployment rate and the continuation of the bad economic situation .
faced with this situation and difference of cars , support for the purchase of 2000e were served .
besides the individuals , independent and those who wish to acquire a commercial vehicle slightly less than 3.5 tonnes with a level of co2 emissions that does not exceed 160 grams per kilometre , can also benefit , but the number of operations speaks for itself .
yesterday , among ganvam , they recalled once again the need for the administration to pay particular attention to these cars , and also to industrial vehicles , trucks and buses .
the dealers ' association provides a year 2010 similar to that ended , for which it calculates a fall in sales - for passenger cars and the suv of 19 % .
aid for emergency brake is now mandatory
as it has been done with the system anti-lock brakes abs and it will take place with the stability control esp , emergency aid to brake systems will be compulsory element on european cars .
mandatory they are already on the newly registered passenger cars and light commercial vehicles , while the rest of a period of vehicles has been set up late february 2011 .
the measure , imposed by the european union , seeks to strengthen the protection of pedestrians , although action , by the way , it can also help prevent many blows back .
an assistant to the emergency brake is increasing the pressure on the brakes in urgent cases detected by the system through the shot in the foot given by the driver .
but they do not always keeps the pressure until the end of time .
according to a study by the manufacturer of components for cars bosch , a third drivers involved in an accident did not support the brakes before the collision , and half of them had not benefited from its full force .
until 1 100 accidents
intervention of aid , in revancha , requires the maximum the braking system , cutting the distance which needed to stop the car .
according to a study by the eu , if all cars were with this kind of elements , until 1 100 accidents where pedestrians are involved could be prevented each year .
this reduction would be even more important with the ' popularisation of smart emergency braking systems ; it is a sinister on four with injuries would be avoided .
in this case , the vehicle is equipped with a system that with a radar or a camera , detect obstacles and warns the driver in addition to act slightly on the brakes .
if the driver reacts , he applied by increasing the pressure on the assistance , if it is necessary .
if it does not react , and although the collision is inevitable , the device is the maximum effort on the brakes to minimize the damage .
general motors postponed until january plan for opel
while the workers of the opel plant in figueruelas - zaragoza - have been warned by nick reilly , the new president of general motors - gm - europe , that the production of the new meriva would be launched in the first week of april , probably on 8 , according to javier ortega , the american manufacturer has warned that it will need more time to conclude the opel rescue plan .
nick reilly , the new president of gm europe , intends to that each of the plan has been approved in advance by the relevant party .
and this may mean that the final document , which will first be submitted to workers and then to the governments of the countries where there are factories , be postponed until early 2010 .
among gm , by contrast , there is a guarantee that a decision on the sale of saab should be taken in the coming days .
so it is no surprise that the swedish government has tightened the pressure on american manufacturer to take a decision sooner rather than later .
gm admits be in contact with a possible new buyers .
one of them could be geely , which also aspires to acquire dutch volvo , but the manufacturer 's candidacy of sports cars skyper , supported by the russian converg group , is becoming more important .
in cases where there would be an agreement with any of them , gm could sell a part of saab baic chinese to the company .
the decision to close saab at the end of the year if she is not sold is maintained .
driving of porsche boxster spyder
to design their final porsche and valuable gem , engineers have departed from the boxster s and have succeeded in the amincir that nothing less than 80 kilograms , which leaves the balance to only 1 275 kilos .
this led to happen in the first place , the automatic roof which has been replaced by a roof bâché manuel , to reduce 21 kilograms , using doors in aluminium like those of the gt3 , other 15 kilograms less , to remove the climatiseur 13 kilos , reduce the 64 to 54 litres of petrol tank , 7 kilograms of sports bacquets earned to climb , yet 12 kilos , and with tyres light of 19 inches , five kilos .
finally , they have abandoned the audio system cdr-30 , earning six kilograms and replaced the poignéesdes gates by handles tissues , saving the remaining kilo .
although the model also exists with the pdk box to double embrayage manual , the test was done on a pretty box of six speeds , mainly on secondary roads of network of california , especially in mountains , with however tortuous .
his behaviour can only be called beyond reproach .
reducing the weight does not prevent the car to drive on the ground with aplomb .
on the contrary , it has been that we did not have tested a model as small and slight , at the same time , guarantees as security in the however , including at high speed .
it is a small , capable of " athlete échauffer its musclesà small speed for as long as necessary , until we asked him to sprinter , once again to curb , to recover and to push its engine ...
it is out what we wanted . thanks to his leadership , as forthcoming as precise , the car will do what will show our hands on the steering wheel .
and she will do so with surgical precision .
his engine will
the sound of his constantly boxing v6 , with 320 horses - 10 more than the boxster - was particularly successful and it can be strengthened with option " sport " or through a system that is changing the rugissement the engine , already used on the panamera .
the ability of acceleration is brutal , both ruling or success .
suspensions are firm , but not tough or uncomfortable .
road roads that we have travelled with the boyxster spyder was blighted enough , but the car has managed the nests of chicken .
electronic assistants were barely here on the whole journey , while on some however we have found the ice in the early morning and graviers later in the morning .
ultimately , a car ultralégère , one of the most divertissantes to lead , and which is much more than a simple change to the boxster s.
the car will be for sale in february 2010 at a price of 70 831 pounds .
the bag girl '
intimate friend of karl lagerfeld , icon of the line coco cocoon and occasional starlette parades of the house , the singer has its face of bad daughter with such quantities that its chanel bags .
more than a " bad girl ' or a ' it girl , " is a bag girl . "
the baskonia offer a victory in israel
the caja laboral won a resounding triumph in 91-82 hard during his visit on the ground of maccabi electra , despite the numerous absences , whose team suffered from dusko ivanovic . it is at the top of his group , after the great spectacle of mirza teletovic , with eight baskets at three points was the best of his team - 29 evaluation .
vitoria 's team has been able to fill the important absence of herrmann , oleson , huertas or micov by a large degree of commitment and collective work , even if it had to wait until the end to victory .
in addition , the great skill since the perimeter , with 16 baskets at three points scored , détermina far beyond the final victory .
the game started quickly for the blue and red , which took the advantage from the beginning .
the fact that the first four baskets of vitoria 's team should be conducted since the perimeter , left israeli expectation they had jumped on the ground with the poignets hot .
english , and teletovic have been the main architects of the prime quart-temps final 18-20 .
the second quart-temps was in the same tone , but the team of internal barac alava took the game and the work of eliyahu , which was received with cheers and applause from returning to his old home , to increase their advantage in the break - 34-43 .
teletovic already began to draw attention to themselves as the best player of his team , with 13 points scored , although the " least six " assessment of splitter was already suggest that night was not the best of brazilian .
but in this game , despite the fact that they were on the right track to the break , nothing was played , far from it , and the team of avala sought to remind the vitoria do not earn so easily on their land , and thanks to the hand of elias , they succeeded in entering the match .
eidson and pnini contributed decisively to ensure that the yellow take the advantage on the light , 50-49 .
other difficulties
ivanovic , injured players but far from being dead , needed to follow some clever actions to take air , and then tell the mitraillette mirza teletovic who , with three consecutive baskets at three points and the help of english and ribas remit to a reassuring score - 54-67 - meter and that the local success to increase at the end of the third quart-temps - 57-67 .
the team of avala sortit to play the for the first during the last period and english and san emeterio - 60-75 avisèrent they were tired nobody their take what they deserved for the first 30 minutes .
pnini eidson , the best of their team , however , is not résignèrent and tried to support since line of three points : 70-77 .
despite this , and splitter ivanovic eliminated by mistakes , players is not précipitèrent advocated , and although the israelis are converged at the last minute , 80-85 , the game was already up and victory was in tel aviv for the first time in the season .
injuries prevent the unicaja battle
the unicaja has lost loudly in greece with olympiacos and gave him the lead in group b of the euroligue , during a match marked by the absence of the unicaja players , especially in the internal game - freeland , lima and greek archibald - which have facilitated the victory .
malaga 's team was not frightened by the mood of flags of peace and friendship and the magnitude of the rival , without doubt one of the most powerful europe and with a big budget .
the game of the first quart-temps , has helped to make the andalusian dream . an aggressive defence and three consecutive baskets to three points , two from leader omar cook and one of guillem rubio has ébloui local team 12-18 in the ninth minute .
the olympiacos was surprised by the intensity of the unicaja , although the local team arsenal with the game within bourousis vujcic and schortsanitis , has helped to topple the score 22-20 , in the 13th minute when action , a beginning of fight between american leaders beverley and williams led the disqualification of the two players .
greek team started to operate by showing its superiority in the two camps while the exit to injury of english pivotal joel freeland and three fouls personal carlos jiménez pesaient on unicaja .
domestic players and lithuanian ailier linas kleizas with their baskets at three points , creusèrent 44-32 at the 19th minute advantage .
an impossible rise
the third period was particularly offensive to olympiacos , despite the 19 losses was higher and even came to match the difference of the contested in malaga 66-48 meeting at the vingt-septième minute , making totter head the group .
last unicaja tried to overcome the absence and the exit from scottish pivotal robert archibald injured during the meeting .
despite all these problems , unicaja thanks to his organization , the cook baskets at three points , and the support of lewis , left little hope with 66-57 , at the trente-et-unième minute .
but the victory was almost impossible because the olympiacos showed relentless when players were pressure and showed their superiority centimeters in the area .
the croatian pivotal nikola vujcic , gives the score back to 81-62 , the trente-septième minute and unicaja soumit , accepting the victory of olympiacos .
how should be paid from your facebook profile ?
facebook users can know the salary they deserve under their profile , thanks to a new trovit application , the search engine with the greatest number of small estate ads , employment and vehicles in spain .
the tool " that should be paid ? " calculates the wages of users from more than 140,000 offers jobs available trovit in spain from a form available on facebook , where you put your profession , your years of experience , age and the city where you want to work .
last week that enforcement works , the search engine has detected in general , the spanish worker is poorly paid , said in a statement in charge of trovit , albert ribera products .
according to trovità data from its search engines in britain and france , the spanish are less well paid .
a british computer programmeur sees 45 annual gross 226 euros and a french 31 059 , while a spanish receives 24 thousand euros .
in the same way a driver sees 34 annual gross 247 euros in england 25 751 france and 16 420 in spain .
according to trovit , work the worse in spain is server , with net annual 11 592 euros , followed by the seller , with 14 725 euros , and labour , with 15 667 euros .
's most wanted jobs internet over the past three months are the driver , the jobs in half and social worker .
brazil fixed a date for the departure of zelaya
the brazilian government set a deadline for manuel zelaya stay in its embassy in tegucigalpa .
the deposed president must abandon diplomatic légation by 27 january 2010 , an official date for the end of his term .
francisco catunda responsible for cases of the brazilian embassy in the capital of honduras , globo tv confirmed that " mel knows he must leave the embassy , where it is refugee since september 21 , before that date .
" he knows that it must be based on 27 january to the end of its mandate , it must seek another destination . "
the chain has also quoted former agent , who has confirmed his intention to leave the embassy before the end of deadline set : " my position is logical to leave as soon as possible , with support from the brazilian government , " zelaya said by telephone .
after the 29 november elections , when porfirio lobo was elected , zelaya said that remains in the brazilian embassy until january .
but the same week , he tried to seek asylum in brazil .
operation ultimately failed , since zelaya has refused the condition of exile policy which would impose the government chaired by roberto micheletti .
thanks much
after days rose asset since last spring , when inflation was the dominant note on the markets , the uncertainty arises again , which is not surprising because he is their natural state , in an area where the agents to take decisions on an uncertain future by nature .
the remedy used by central banks to stabilise the markets was the direct purchase of assets to monetize the debt and indirectly by abundant liquidity rates close to zero , so that the purchase of assets to mobilize financial institutions .
central banks have already confirmed that the direct purchase of assets have almost been finalised , and without undermining their political maverick liquidity are starting to put a bit of sand in the machinery , such as the ecb , with their contracts to a year of next week .
investors therefore doubt the ability of the global economy to maintain an economic recovery without heterodox measures and we are witnessing a vice versa of reducing risk premiums .
volatility scholarships and different business obligations increase again , although they remain very remote paranormaux levels they have achieved at the beginning of the year .
states were forced socialising risk private and public debt is threatened once again .
there is again a flight to quality and the united states , japan and germany were the shelters chosen by investors , provocative greater differences between germany and the euro zone countries .
spain was barely affected by this episode of instability , but then standard & poor threatened with a new revised downward qualifications of the kingdom of spain .
on the other hand , some uncertainty is not a bad to silence the defenders of moral risk , tried again to create a case of awareness among lesresponsables of global economic policy which had impeded the destructive effects resulting from limiting credit on the destruction of employment , and what we should do is declare a new action day pardons .
but the situation of dubai resembles a fight between tribal sheiks to restore place in power in the emirates and we have already seen the case of greece .
a government concealing a deficit , elections and a new government that discovered the tub in roses .
prodi did italy after berlusconi and socrates portugal durão barroso .
it is quite irrational ecofin saves hungary a breach of its external payments at the beginning of the year and allow a euro country not to meet its commitments .
what is logical , however , is that the ecofin incited the greek government transparency and give citizens share the need for extraordinary measures to maintain the stability of its public finances .
if , as we hope , we are facing an episode of normalization of transitional risk premiums , after some excesses in positions would be predictable .
in the case of spain , until our differences of public debt has risen to match the european companies , nousn' bonds not need to be concerned .
if differences and that europeans were ours continued to increase , then there would be a risk idiosyncrasique spain .
the standard & poor 's case is an anecdote . when our forecast indicators most studies services must anticipate their models of recovery and revise upward their forecasts for 2011 , with the oecd and the european commission , which are met with a japanese model pourl spanish economy , it adds little hope for their warning .
again , this all sounds to be an excellent opportunity to buy assets spanish , although for the moment " caution mother safety . "
sectors message
president of iberdrola , ignacio sanchez galán , was the first to speak yesterday before the congress subcommittee members , which is discussed these days spain 's energy strategy for the next two decades .
after his speech , which was followed by the president of gas natural-fenosa rafael villaseca , mr galán outlined for the press he suggested to the subcommittee , huit-clos .
for president of iberdrola , spain needs to invest 50 million by 2020 and 60 000 million more between now and 2030 , if the nuclear plants is now operating remain open .
if not the necessary investments but will not estimated at 60 billion to 95 thousand .
iberdola , however , consider that for the next decade , investments must not be devoted to increasing the production capacity , but the distribution networks and to international connections .
from 2020 , the changes and it will increase the strength .
his bet focuses on both gas and coal plants , with recycling of carbon dioxide and mechanisms , especially on renewable energies .
in this field , it considers that 18 thousand megawatts more are needed , with other energies of support . "
galán sustainable economy , which believes that the draft law that the government has to approve along the lines of what calls for his company did not want to tackle the royal decree to encourage domestic consumption of coal , which contradicts the policies to combat global warming .
according to him , there is a clear challenge to the long term in this direction , despite the " specific measures , " as the president has qualified iberdrola .
however , galán believes investment decisions , although they are over the long term , will start to be taken because they put some time before reaching their maturity and a lucrative stable framework is needed to address them .
ferrovial earns the handling of aer lingus market within ten airports
the swiss company swissport airport services subsidiary of ferrovial on earth , will play the role of privileged partner from the irish airline aer lingus , for freight services in 10 european airports where it is present .
paris , london , frankfurt or brussels are greater .
the agreement , whose economic terms were not revealed , a period of five years .
reports of ferrovial , the junta of castilla-la mancha yesterday and the university of alcalá de henares signed a protocol of cooperation for the smart innovation centre infrastructure .
alliance provides an investment of 20 million 2012 , including 50 % from ferrovial .
one of the tasks of the center will conduct research on energy efficiency motorways and airports .
acciona dispute his first highway in australia hochtief and bouygues
acciona is fighting for his first motorway concession in australia market where it already working as energy company and manager of water .
the shipyard at stake is a tunnel estimated 1.7 million australian dollars approximately 1 047 million .
german french bouygues and the company hochtief its rivals .
a tunnel of 5 kilometres long in the australian city of brisbane , on the east coast , is the option for acciona to settle in the country as public works company and dealer motorways .
the mayoralty of the city wants to have to end 2014 .
having chosen public / private cooperation - ppps for its initials in english to carry out the project , within the framework of a plan of case under the supervision of erns & young , local administration already has a list of finalistes which will be responsible for the construction and operation of the toll .
pending the presentation of their bids next may , the planned investment amounts to 1.7 million australian dollars approximately 1 047 million euros , and in the last phase three consortiums compete with a significant presence of european manufacturers .
the group called transcity is led by acciona only spanish company in smoothly and his associates are mdbs and ghella .
the first australian is one of the largest manufacturers , while the second , based in italy is one of the greatest european specialists to work underground .
against the team of acciona problem they northern directly , with the presence of the british company laing o rourke , australian manager of infrastructure transfield and the french manufacturer bouygues group .
the third and final consortium has passed the test is lbrjv , whose capital is shared between the australian leighton the german manufacturer hochtief subsidiary , which in turn has the participation of local acs , another company , baulderstone welsh - ownership of german bilfinger berger group and the company specialising in public works , razel .
the australian market infrastructure promises major sites and privatization , but joining represents a great difficulty , if not through construction of acquiring a local company .
a strategy that followed the firms hochtief and bilfinger already mentioned , besides their asian references , and is still a step not approved for the spanish giants from the sector .
acs has just win a place on this market through its participation by 30 % of hochtief , owner of leighton .
active millionaires
acciona placed on a geographical area of great importance for the sector , which already has a large presence through its activity energy supplier and the désalinisation sector .
among other assets , it has the largest park windmills , by waubra , 192 megawatts to victoria , and leading the reunification of companies responsible for building and managing the dessalinisateur adelaïde , with a budget of $ 700 million .
it now intends to consolidate these two areas and benefit synergies to enter the market with the infrastructure construction and management .
underground road toll , promoted by the office of infrastructure of city of brisbane and the northern link - link north - will connect the toowong western highway to the path peripheral kelvin grove , see the map , by four kilometers of existing tunnel . it is the largest project to reduce traffic congestion in brisbane .
the timetable set by the administration indicates that the tender will take place during the summer of 2010 and that work will begin in december next year .
despite the fact that the road will be open to traffic toll end 2014 , it is not expected that the shipyard is completed by 2016 .
britain began to be designed in 2005 .
include two paths twice , a complex electronic toll and a ventilation system .
the queensland government provide 500 million australian dollars , 308 million euros for funding .
brisbane already work offers hochtief
australia still widely grow hochtief , who mentioned yesterday obtaining a contract with the government reached 154 million .
the company owned by acs will equip through its subsidiary local leighton , broadband infrastructure network 's national optical fibre .
this speech will enable 400,000 people having fast internet access and provide work for the german company for 18 months .
on the other hand , the company gave the project of building the tower king george , 27 , in the city of brisbane floors . the work has not yet started and hochtief concluded the sale for 129 million .
uk - manchester , she shares with laing o rourke building and management of two school groups for 25 years .
initial investment is 75 million euros .
fcc is adjudiquer slovenia tunnel for 64 million
fcc alpine , through its subsidiary , is adjudiquer building a 2.1 km long for a highway tunnel in slovenia , with an amount of 64,5 million euros .
the company has obtained this contract , days after having for work of expansion of the bosruck tunnel , austria , for a $ 130 million .
alpine thereby consolidates its experience in the tunnels .
starting the project is planned for early 2010 and execution take 32 months .
sra . rushmore gets adjudiquer advertising renfe
renfe said the services of advertising and marketing these two years agency sra . rushmore , for a budget of about three million per year , the railway operator said .
the contract mentions the possibility of two extensions of 12 months each . sra . rushmore was chosen among 16 agencies that have presented to the tender organized by renfe , of which four were finalistes , including tbwa who was responsible for creativity over the last three years .
from now sra ; rushmore will be responsible for the design and production of the countryside .
a fine of 63 million france telecom to curb competition
french competition regulator has inflicted a fine of 63 million to france telecom to its anti-competitive conducted in the caribbean region belonging to the country .
according to this institution , the operator has limited competition on fixed and mobile telephony by signing exclusive agreements , prices and consumer loyalty programs outside the regulation .
with this sanction , former french monopoly and state company , is more than 450 million euros in fines since 1994 because of obstacles they make its competitors .
the sanctioning yesterday has been increased because the authority which ensures competition consider france telecom has made similar offences in the past and is therefore repeat offender .
a shop uses
on the other hand , the mobile phone subsidiary of the french company followed the wake other operators and opened a shop internet applications , with the aim of increasing revenues do not come from the transmission of voice .
initially the applications of orange shop will be active in france and the united kingdom .
must wait until 2010 to happen in other countries like spain .
participating in the champions league reported 476,4 million to real madrid and barça since its creation
the champions league has become a source of income for clubs since its birth in 1992 .
indeed , the real madrid and f.c. barcelona won 467,4 million , which puts them at third and fifth clubs who have pocketed the money in this competition .
the manchester united tops the list .
the manchester united tops the list .
win the uefa champions league does not only the glory . he is also one of the main sources of income of major clubs .
indeed , the competition has distributed 5 362,5 million euros to 105 - 12 spanish teams that participated in the event since the creation of the tournament during the 1992 season , according to information from uefa .
the f.c. barcelona and real madrid were well served at this distribution .
the continent 's white was the third club to reach the more money for his involvement , and the only with a.c. milan , has won three times the area .
the catalan club current taking the title and last winner of the former european cup in 1992 is fifth on the list .
first are the manchester united and bayern munich , the two teams , furthermore , have charged more money for their participation in the last champions league .
, and although they lost before the barça .
on the other hand , spain is only the third country , regarding money reported by the champions league , although it has won more titles than any other , five , while italy has won four , england and germany two - three .
global distribution
this apparent paradox is the complicated procedure for distribution of money applied by uefa .
this year 's body chaired by michel platini expects to earn 1 090 million through the champions league .
of this amount , uefa will 413,1 million fixed payments : each 20 clubs who attended the classification matches , including the madrid atlético has received 2.1 million .
moreover , those who have managed to participate received only 3.8 million to be in more than 550 midnight euros for each match played .
there is also a bonus in case of victory - 800,000 euros and equal - 400 000 for each team . those who come to huitièmes receive final three million each , eight teams arrive in final quarter of reçoivent3,3 million .
the past four teams will receive each 4 million .
and champion wins final 9 million from 5.2 received by the other .
so at fixed payments , a club gain at least 7.1 million , and maximum 31,2 million .
of the barça has pocketed 2.5 million for winning the european super cup in august .
but there are varying payments , which are devoted 337,8 million .
money distributed according to the proportional value each television market .
the spanish market is one of the most important and has four seats attitrées .
the champion of last year making 40 % of the money allocated 30 % in the second , 20 for the third and 10 percent in the fourth .
the other part will be paid according the number of matches played over edition of this year .
nueva rumasa offers 61 million euros for sos 29.9 percent .
the nueva rumasa listed yesterday the details of the offer to purchase shares in which it intends to acquire a maximum 25 29.9 percent of capital of sos .
a percentage that does not oblige him to launch a public takeover bid , takeover bid for the entire securities .
specifically , nueva rumasa offers 1,5025 per action , which will be disbursed in 10 years and which will be paid at a rate of 1 percent per annum for this postponement .
yesterday the sos actions have completed at 1.85 euros ; supply of nueva rumasa assesses the company 18 % below the market .
from nueva rumasa , prices of one and a half pounds reflects the real assessment of sos .
supply is connected with the designation of eight of the 15 advisers .
jerez 's group gives a deadline for 15 days for shareholders show their interest in selling securities .
the cnmv assured not having been informed about this offer ruiz mateos , although the company has said it had contacted the regulator .
if he would place the disbursement was 611,7 million , while capital sos is 254,27 million .
meanwhile , sos continuing restructuring of its leadership .
in an attempt to remain outside any offers to buy and judicial and goes former directors , the brothers jesús and jaime salazar , announced the election of maria luis jordá as head of internal auditing .
a decision as the first woman to occupy a leadership position in the food company .
he is a newly created position which depend directly from the president of the group .
and he is not free of controversy since the company remains submerged in the legal battle for the alleged misappropriation of more than 230 million sos to companies salazar .
elsewhere , the possibility that over the coming months sos reveals new misappropriations can not be excluded .
regarding credit for salazar , the former advisers ildefonso ortega and ángel fernández noriega , representatives of the ccm and unicaja declared yesterday before the high court that they had been informed of the misappropriation of 212 million without knowing the destination .
the cnmv allows the exclusion paternina presented by takeover inversora sea
the national commission of the securities market , cnmv gave yesterday the takeover of exclusion presented by inversora sea federico paternina on 9 october .
the supervisory body said it allowed this operation because he understood that his words ajustaient standards in place and that he considered " sufficient " the content of the page explanatory presented after the changes implemented on 2 december .
the cnmv said supply concerns the acquisition of 550 008 actions of federico paternina at a price 7,65 euros per share , which represents 8,95 % of the capital , with 6 142 786 actions admitted to negotiation on stock exchanges in madrid and bilbao .
he also explained that 5 592 778 million shares were immobilisées , and that they could in no way be sent before the completion of the offer , he indicated that the prices set by federico paternina in accordance with the provisions of the standards .
new tools for expertise cars
in these days of bad weather and accidents the car garages are not only winners .
every day , thousands of cars were a grim are reduced until a garage , where an expert to assess the damage and the cost of repairs .
each sinister is different and calculate the cost of coins and time of workforce can be a long and complex .
calculating compensation to hand the cost of between 20,000 and 30,000 euros , including the workforce and coins may take two or three hours .
however , with the assistance of most recent computer tools , would be a matter of minutes .
it is for this reason that almost double experts use such systems .
service providers and solutions for the evaluation of claims and maintenance are dedicated to collecting information from manufacturers and then treat and offer their customers in the form of a useful tool .
in spain , audatex , of the american solera is the company leader ; 80 % estimates are made with its products .
other companies compete in the field assessment tools and the development of information about the sector are gtmotive and eurotax .
working with data provided by manufacturers is far from easy .
according to audatex eduardo velázquez , commercial director , enterprise in spain with 63 manufacturers and importers , and each provide information in a different format .
moreover , the amount of data to address is constantly increasing , so that over the past five years , more than versions , variations and motorisations were launched in the past 15 years .
when a new car fate on the market these businesses are at work .
he is a very difficult job because cataloguing every thousand pieces of the vehicle and it should include its price .
in addition it establishes a graphic image each model on which we can click on " intelligent " different parts of a car of tourism .
whether he is a model sold massively , work could be ready within a week if the process moving very quickly .
if it is a little car sold it can take three or four months . currently audatex has information about 99,2 % of cars sold in spain .
among the most exclusive models they have such information about the porsche , but not ferrari and lamborghini .
vehicle movement , the figure exceeds the 99 percent .
for the job of documentation and preparing databases , audatex has eight centers spread throughout the world in spain , france , germany , the united states , brazil , mexico , china and japan , and each specialises in some brands .
the national headquarters is located alcobendas in madrid .
here more than 100 technicians or general experts mechanical work simultaneously on three computer screens .
audatex invests annually 90 million to develop databases .
every month , 2.5 million data are registered , and clients receive actualisations every two days .
drafting this huge flow of information allows companies to provide various uses and offer products varied .
the most frequent application for repair and maintenance , but in different countries , there are also tools for managing residual or damage to calculate the value vénale or parts from a car .
the only company that has a guide making inquiries about the value of cars of opportunity eurotax in spain .
audatex suggests not in our country but the united states .
in view of the products offered by audatex , it is easy to find out what kind of support it can provide to professionals .
this company offers 10 different tools , the flagship being audaplus , the solution standard evaluation of claims for experts .
there are cars , motorcycles and industrial light and heavy vehicles .
besides the cost of repair parts , it took into account the time estimated by the manufacturer or fees of paint .
this tool buys according to its use for each estimate .
the higher cost of 5.75 euros to customers who use it little maximum ten times per month .
then every insurance company , which operates thousands of expertise negotiates with audatex price .
other products , such as audavin , allow the full identification of a vehicle and equipment with which he left the assembly line , only by the number of windows .
audaglass focuses on car glasses and audasubastas is an internet server open to industry about allowing enchérir on vehicles declared wrecks .
office of statistics is very useful to identify trends , conducting tests géo-démographiques or knowing the current problems by marks or model .
it is possible to study , for example , how many models of a determined went to the garage for mark a failure or how suffered serious disasters for a given period .
gt behind is the only spanish company devoted to the development of such tools .
it markets , among others , gt estimate , which is also designed to experts and provides digital images , as well as access to parts , price and official time manufacturers .
gt drives a company of the group einsa , founded in 1971 as a provider of services and solutions assessment , maintenance outages or devoiture disasters .
leader gt assessment is a historical reference product on the market .
enterprise works with 24 000 users in garages 3 100 experts and 53 insurance companies .
business volume has increased at a rate of 20 percent per year over the last three years , and made a turnover of 10,8 million in 2008 .
early last year , it began the process of globalization , with the establishment of an office to paris .
of his side audatex was born in germany in 1966 and has served spain in 1979 .
according to the sources of the company , 62 percent of its turnover is done in europe and the rest of the world , and the remaining 38 % in north and south america . it works with 900 insurance companies and 33 thousand garages , of which 3,000 are in spain .
the global turnover of solera - audatex group , sidexa informex abz , hollander and ims to amount to $ 557 million , 3.3 % more than in 2008 .
in our country , the company will 19.1 million , or 7.2 percent higher than last year .
in 2005 , the group solera was quoted on the stock exchange 1000 million dollars , today its shares are estimated at a total of 2 $ 400 million .
for 2007 , he is side on the new york stock exchange and part of the standard & poor 's index of reference .
cars accidentées web auction on
last october , the solera bought autoonline , internet platform for selling cars , motorcycles and special vehicles affected .
the operation has involved a cost 59,5 million euros for 85 percent of the company 's capital that could widen next year to 15 % .
the aim of the acquisition was to offer more value added services to customers , with the international access to a huge market .
estimates of this service and sale addresses only professionals such as insurance companies , experts , leasing companies , the garages , professional casses and retailers who must be registered before starting to carry out operations .
this platform was created in 1996 in germany and manages over 650 thousand operations throughout europe , including 500,000 in germany .
among its main markets are spain , greece and poland and turkey .
experts are currently more than 1500 sellers and 4,000 registered on the website .
he manages 3,000 announcements per day and the spanish market , 100 new announcements are published each day .
under spanish law , a car with the chassis number has been removed can not move , but some parts which are not damaged can be used as spare parts .
vintage cars can be réenregistrées , although they have been removed after approaches complex .
estimate garage in four stages
with the auda-taller tool , the company audatex guarantees that the user gets an estimate only four stages : identify the vehicle , seek the spare , create a coin estimate and generate .
the ease of use is an essential element of these systems , especially to convince the older professionals who , to a greater or lesser extent , are resistant to use new management techniques .
the database includes 1 034 vehicles , including 666 tourism 109 tout-terrains , 137 motorcycles , 78 vans and 44 trucks .
naturally , to use a computer and internet connection are necessary .
once the model repair identified thanks to its windows , a graphic image number model in question is can you really necessary selects the room .
the user can include variables as the price of the workforce , supplements or reductions and it can set the estimate for the return to the customer .
audataller is not a tool to estimate as audaplus but a litany of references .
the difference between these two systems than for garages does not include estimated time of workforce .
the cost to use this tool for the garage is 350 per year , which can be credit .
currently the company audatex works for that these pictures are in three dimensions .
this is something that engineers take a very positive because it will , for example , select a door and turn to see the face internal .
