i do not feel in the role of the country 's précepteur as could be springer and i do not want to be part of these international leagues like the time , these companies have been far too much importance .
full beauty
anything you want , to beauty and welfare , in hand .
that is the target quesemble having el confederation inglés , which is to open in the commercial centre of multidisciplinary callao , madrid , an area of more than 1,000 m2 , dedicated to the care and attentiondu body .
the spa , located on the eighth floor , houses enseignes prestigious as hedonai , expert in the épilation laser , spaxion , with its relaxation rooms and cosmetic treatments , luis & tachi hairdressers , marina gold , with a sport hall , or occitan cosmetic and its natural , among others .
there is also a ray diet , with a particular show different kinds of tea , which is more than 130 .
spaxion propose them to enjoy a massage relaxant exceptional with your companion , while looking views on the capital , and praise for two hours the relax area to get your own " beauty party " with eight of your friends , and you relaxer thanks to a session of jacuzzi , massages while drinking a cup of champagne .
in total , 250 m2 divided into 12 rooms , where you can get care in the face , the most innovative and hydrothérapie body .
as , for example , cavitation to combat the cellulite and vibrant platforms .
the sport has room for these devices , as well as " trainers " virtual informing the clients , offering them fully personalised treatment .
starts with the introduction of personal code on a screen , tactile , located in front of the aircraft .
several video shows how do our programme of action properly .
its director is only 15 minutes - including échauffement and étirements - , enough to work on all the muscles of the body .
and , if after work our bodies , we want to go through the hairdressing salon , teaches luis & tachi has a room where the proposal of rituals to repair a hair , or nutrition , personalised daylight .
innovation and exclusive appear to have been the slogans of the urban spa , which will be opened 10h to 22h every day of the year .
décolletés apart
christmas and there is no harm to study the look of the stars to adapt it to the garde-robe celebration .
the form of décolleté , which is very important to focus on the size , is one of the variables , we must take into account .
here are some suggestions .
the singer fergie has chosen a décolleté exaggeration and very difficult . it is not advisable .
endesa and barcelona , has an electric car
electricity company , endesa , in cooperation with the ayuntamiento to barcelona , has created " oficina live . "
it is a plan to develop and promote the electric car in the catalan capital .
" oficina live as logistics for the establishment of the electric vehicle define and coordinate the roadmap for the establishment of the electric car in the city and will implement agreements on mobility , through steps to coordinate with subsidies and so on .
moreover , developing the project movele , promote the electric car , is the opinion and the work of the sectors .
in the end , the idea is to launch what will transport of the future .
3 " electric " cities
but barcelona is not the only city will be involved in the building of an electric car in spain .
madrid and seville are to join the project .
the three cities selected by the government within the framework of the plan movele , in order to start the establishment of the electric car .
electricity company , endesa has signed a framework agreement with the generalitat catalonia .
it aims to promote research and technology development in the autonomous region of catalonia .
these are the energy activities , especially the energy efficiency .
it is not the only initiative is endesa in the promotion of the electric car .
the company is involved in groups of standardization , at the european level and has further in a series of projects such as the g4v , elvire or cenit verde .
zapatero sees a future of peace " in the area of the engine
the head of the government , jose luis rodríguez zapatero , sees a future of peace for the spanish car industry , which , he said , is the country 's main export sector .
at the presentation of the president of the government 's economic report for 2009 , zapatero said the measures taken by the executive of the year to support the automobile sector .
" without a plan for the automotive industry competitive today , we would have a landscape of abandonment , closure of some of our most important production sites , " said the president of the government .
" with this plan and the brands ' decision to stay in spain , in a highly competitive sector , we can look forward to a future of peace for the future of the industry , which is the main export sector , " he added .
in this respect , he said that the full plan of competitiveness , included in the plan for the automotive industry - member , has spent 800 million euros to the plans of 19 manufacturers and 137 subsidiary companies , which have used an investment of more than 3 billion euros .
the chief executive said the investment was for the development of new models to the modernization of existing products and processes .
zapatero has also focused on the measures to support the demand , in reference to the government 2000e plan , developed in collaboration with the autonomous communities and the car companies .
according to the president , the plan has been reduced to 6 % and spanish average emissions from new cars sold in the market has contributed to a " significant increase " in immatriculations , which grew by 40 percent in november .
20 thousand square metres of vintage cars
madrid hosts the first edition of the collection internationaldes car show , an area of passionate meeting for professionals and the engine of the world .
this initiative will rise from 5 to 7 february 2010 at the casa de campo pabellón ball in madrid .
ils' exposure is an area of 20 thousand square metres , where there are more than exposants national and international .
we can not only to find effect and car collection , but it will also classicauto madrid engine articles in any way connected to the world .
and , in exposants flag , we can find the accessories , spare parts , components , textiles , miniature , reviewed supplements , and aids .
hundreds of articles related to the world of motor collection will happiness and curious collectors , however .
among the companies involved , we will , among other things , clásicos mos and good old times , specialists in car sales , juan lumbreras , restaurants , coupe-francisco pueche , car sales and restoration of , or cochera clásicos mercedes benz specialist .
aptitude test outside
but the parallel trade in this show will also include activities : gatherings , exhibitions , aptitude tests , presentations and sports competitions .
aptitude tests with cars and the effect of upgraded collection will also take place on a course outside the park displays .
mazda3 lasting i-stop : the spirit of sport
mazda will prove a sporting spirit is not angry with respect to the environment .
for this purpose , it has to incorporate the mazda3 and arrest the system to start the engine , called i-stop , an arrangement that , at least for the moment , there is the 2.0 gasoline engine of 150 horses .
this second generation of mazda3 illustrates the note that it has achieved in full .
details , the revision of the vehicle , the habitabilité behaviour , mechanics , the system i-stop ...
all these outstanding issues are on the new mazda3 .
starting with the post of action , it appears that the seats fronts have ergonomie and establish good .
the reach of the wheel is nice .
by continuing with all formed by the management and control both the equipment , we see how mazda continued along the tendency to create an internal futuristic design , with many japanese buttons and orders , as well as vivid colors red and blue .
this reminds us style , in part , a honda civic .
so we can say that both the mazda3 and civic , both japan contrast with moderation of german products , especially with the volkswagen golf , which all want to overcome .
in keeping with the compact , the japanese car shop is habitabilité more than enough for four adults to travel with a higher level of comfort .
added to this great trunk to regular forms .
engine arrest and start automatic system , at least for now , is available on the gasoline engine , two litres of fuel and 150 horses and change manuel six speeds .
this engine is a true happiness . it is by its delicacy , low noise , benefits and the control of its consumption .
in fact , although the most requested mazda3 diesel models , those who do not carry out a large number of kilometres per year should not exclude this i-stop speed with gasoline engine , both for his great comfort that controlled for consumption .
concerning the equipment , the chosen for the test model is the sport , meaning that has the largest number of elements of " series .
series of equipment , the assistant to change of road - rvm that removes one death , the speed traction and stability control , the regulator , the internal photosensible mirror , the computer on board on a large screen size , the independent parking sensors , air conditioning , the rain and light , the capteur bluetooth and audio , as well as the wheels of the bluetooth alignment of 17 inches , are particularly noteworthy .
in addition , as the equipment is not enough , this version had the pack premium for 1,500 euros , include elements of the adaptive headlights bi-xénon disc audio system and bose with charger .
more
the mazda3 2.0 i-stop was one of the best cars compactes category .
it shows in particular on the quality of the materials used by his behavior and its high standard equipment .
moreover , those who do not carry out many miles per year will be able to choose the i-stop involved only the gasoline engine version 2.0 of 150 horses .
the only drawback of this model is the high cost , which is between 21 770 euros for finishing luxury and 23 270 euros for the tested , the sports model .
in return for the large sum , the mazda3 every day we will provide a high degree of satisfaction .
" first luxury
l.a. is the red carpet sensualité embodied in penélope cruz , nicole kidman and fergie .
the stars have blinded , now more than ever vêtues models as elegant as sexys for the release of nine - photos : gtresonline .
our " parliament " , as sophisticated as used had opted for a " lady " bleak .
the fonpeek promise
peek is extremely limited , it is a system which allows only to watch his email alone , without the opportunity to see some type of coins attached or surf the internet .
it profita his five minutes to glory in the united states , when the désigna magazine as one of the products of this year .
in truth , it is difficult to see in the streets , but it seems interesting , especially for young people .
unlike smart phones , peek offered a very low price and a monthly subscription , less than half of the costs , for example , the subscription data iphone .
given his success , the company has launched two new devices : designed exclusively for twitter , one with a free service life of data , six times more than the peek .
fonpeek presented yesterday in the event it is the european version of invention and third incarnation .
it is so limited that the american grand-frère , but has come as a surprise .
the price of its monthly subscription , some 12 euros , including roaming across europe .
those who travel with a smartphone know what represents the abandonment of data when you cross the border or seek desperately a cafeteria on the wifi - or a connection of fon to check his post .
the idea of roaming at a fixed price is extremely attractive and for a long time that it should work .
indeed , some companies have special arrangements and travel options , but as far as i am concerned , i would need to have a thesis in physics for the understanding and good glasses to read the fine print .
repeated calls to order from the european commission to propose affordable prices for roaming across europe have been a barely perceptible effect .
outside their country of origin , is reluctant to use the data , and it is not wrong .
as a small plane as fonpeek - it is strange that he is called fon when he does not possess the wifi - offer this kind of tariffs , means that operators are starting to think differently and study various proposals to increase their computer network .
kindle is another example , they understand the downloading of books and other research on the internet .
free subscription and together .
it is a device connected and it pays on its purchase and not every month .
and that is what i hope one day to see fonpeek : an option to purchase with access to life as peek says in the united states .
that i want to buy .
i see my mail on my phone , thank you .
i would simply because i believe it is a fair formula for the consumer .
it would be interesting to see a computer with the system .
the favourite colour michelle
yellow is the favourite , without a doubt , the color of the first lady of the united states .
if it went to the assumption of office of barack obama to the presidency of the united states with a habit ' and a coat of this colour , it is , in fact , chose the same to accompany him in the second stage , no doubt , the most important of his life in oslo : the award of the nobel peace prize .
michelle obama was a very similar model on both occasions : besides colour yellow ressemblante , a shooting towards the green with bright , both times , the views held consists of three parts : the habit ' , jacket and , at the same , tissue and coats ornée of great broderie or a string .
so that a first glance , it seems that the first lady of the united states should follow the example of the princess of asturias and chose to put the same place .
but the web for carved up the two blocs make them very different .
if the assumption of office , he was a dentelle thick , on the other hand , it was printed in oslo a velvet .
the accessories are different : green products to heel means for the first time , and a similar pattern golden , but this time .
hairdressing it has changed : hair are faced when it was down the last time .
75 % of professional working mothers had problems as a result of their babies
discrimination at work has grown in recent years , especially for women , young people who want to be mothers .
reveals that the study " fertility and professional women in spain , carried out by the csic in collaboration with the instituto de la mujer .
the survey , conducted on 9 737 women 15 to 75 , leaves no room for doubt : 75 percent of working mothers have seen their careers restricted because of the babies .
the study indicates that there are many differences on the early life couple , and the number of children , whether or not the woman is occupied and the kind of job .
those who do not have to work outside the home , work part time or have a stable job shortly , reached earlier in a partnership , and have more children have their first pregnancy earlier .
however , women who have a stable job , especially in the public sector , postpone access to life in a partnership and the first pregnancy , and having fewer children .
women between 35 and 49 years with a fixed work have their first child , on average , 3.7 years after being introduced in a couple . that figure rises to 4.1 in those who work in the public sector . " these data show that women have a stable job requiring more time in their lives for that , which led them to reject the union and the arrival of the children .
more broadly , the type of job exercised influence the babies , but not the starting date of cohabitation , " explains the csic chercheuse margarita delgado .
the level of education is a factor that widening the gap in the age of marriage of women and their first child .
according to the survey , the higher the level of education , they marient and have their first child later .
the difference remains among the women of the same generation .
for example , in a group of between 35 and 49 years , those who have made elementary and higher studies have been mothers respectively for the first time in 25,1 and 32,1 years on average .
" a disctinction appears among women , according to their level of education .
while those who carry out the basic studies marient and have their first child had to find a stable job , those studies of average level or above reverse it and give priority to obtain a stable work as a condition for marriage and the arrival of a child , " says mrs delgado .
diane kruger as well is
the cosmetic paris has added a new name to the list jalousée ambassadors , diane kruger .
from next year , the german actress will embody the image of a number of the brand products , universal entonnant the motto " because i am worth it " .
the protagonist of merry christmas , one of the most beautiful actresses on the international stage , has just joined other celebrities included in the cosmetic paris , as linda evangelista , jane founded andie macdowell , eva longoria and the spanish penélope cruz .
before it , the last to enter such a select club have been players evangeline lilly , lost and freida pinto , this millonaire .
among men , the luxury brand cosmetics account ambassadors , patrick dempsey - dre grey , anatomy lesson , matthew fox , the companion of evangeline lost .
the cost of british fashion
they have a lot to say about the world of fashion .
his greatest representatives , generators and models , yesterday and today , gathered for the annual award of the prize , which took place in london at the royal court of justice .
no one has missed the deadline .
the former mannequin jerry hall , and her daughter , georgia may jagger , better mannequin elected this year .
poker in as manuel vincent
manuel vincent is in poquer ases alfaguara as examples of fernando vicente , thirty " radiographies " writers who have crossed his literary life - and sometimes , another life .
it does not according to gender , predictable and arrested , short biographique , life and work , but also something similar to the core of ignition of character created .
the trip is exciting and vincent savings or scares neither the illuminations .
delicious fun , this book is moving an invitation to institutions and relectures .
you have a snapshot .
on albert camus ' in its pages , i discovered that the mediterranean sea was not a physical , but a spiritual pulsion almost my experience , that even without the name : the pleasure against the sad fate , morals without guilt and innocence no god . "
on samuel beckett , nihilistic , a christian allégorique , he wrote what he had in the blood , not in the head , among impotence and ignorance , with a splendid poetic humour , fierce meaningless , like the sword of the knife that failed the killing . "
on graham greene : " our man has been inspired by her passion that lasted 13 years , in the flesh of it conjugua emotion of adultery in a spiritual joy of compunction , a privilege that was to reach the sky in the road to perdition . "
on james joyce : " ulysses was published in paris in 1922 by sylvia beach . it is one of eight thousand metres summits of world literature , to climb in the north , where the best alpinistes dropping still made . "
about william faulkner : " it was a strange sort .
sometimes by himself , he said that it was the heir to a county landowner and at other times , it was the son of a black and a crocodile .
both dreams were great . "
on louis-ferdinand céline : " this writer recueillit what it has moved from a bridge by this figure of munch for his response to the bottom of the night of the 20th century , in its literary form , as he did in the flight of and violent after the fact with a speech on the asticots . "
on dorothy parker : " one day it began to its knees and prayed : " dear god , i urge you to do that i always write as a woman . "
on joseph conrad , " on his tomb were set to spenser : " the sleep after the effort , and after the storm , the port , and the rest after the war , and tired after life , death are pleased with . "
on virginia wolf " in her luggage were also his depression .
her husband was very normally replies , " eduard vii épiait between the azalées or birds chantaient greek .
has never seen such a patient man and lovers of literary neurotic whose talent was madness . "
on pío baroja : " what did martín-santos if it is not trying to hide joyce in baroja ?
that sought benet except to fusiller faulkner baroja ?
that made it if it is to seek the glory of him so that he used to grace ? "
this cowardly attack
last week , my mother , who was about 70 years ago , promenait fuenlabrada in our district of the city , when a group of young people aged between 15 and 18 years spent in addition to it and our dog , a spa and sang-mélé , saved weighing no more than six kilos , and without saying a word , they assenèrent feet who grew the dog seriously injured two birds .
outrage is great because we do not see that there are amusing defenceless free to attack a small animal , in addition , was on a leash .
this is in addition to the outrage of a woman who is promenait quietly and , when it came injuria these individuals to fear for physical integrity as a énergumène attacking an animal is capable of doing the same thing to a woman , a child , a ' and , ultimately , anyone who is lower than him .
the episode came at around 5 p.m. , tuesday , as another , in an area normally tranquil .
a dog gémi throughout the day .
of course , we have submitted a complaint to the police station of the area even if we doubt that it used to much , and not to touch the sensitivities , we just want to clarify that the cowardly murderers were spanish .
outrage has led us to denounce it .
we do not understand what is happening to the young people so that they are fun to mistreat defenceless free an animal which gives us the love , friendship and keeps us company .
we do not know where is the high education and respect for animals and people .
michelin and fesvial sets for the port 's helmet
the tyre manufacturer michelin , in collaboration with the spanish foundation for road safety , fesvial , has launched a campaign to encourage the use of helmet , mainly among riders youngsters , as said today the two bodies .
this initiative aims to raise awareness of the importance of the port of helmet , because it is the only part of protection to avoid head injuries , or even death , in an accident on two wheels .
michelin said that the campaign was in line with its commitment to road safety , which goes beyond the design and manufacture of products increasingly safe " , and said it helped to this educational by other actions and informative .
this new campaign to encourage the port of helmet on two wheels , under the slogan " to be but not to be , " a first stage in which include posters will be distributed in more than 500 garages effect , in order to guarantee the widest spread .
finally , michelin said that road safety is a constant concern for the company as tyre manufacturer vehicles on two wheels , one of its main objectives is to develop more products safe .
sales of light commercial vehicles advance
nearly two years after the light commercial vehicle market is beginning to see some light at the end of the tunnel .
the 9 425 vehicles registered in november in spain is an increase of 12.6 percent in 2008 and , more importantly , they represent the first increase after 22 consecutive month of decline , according to estimates by the patronal manufacturers association anfac and ganvam , the dealers .
however , we need to balance the good news , as a reference for the comparison , the november 2008 , was particularly bad , with a reduction of 60 percent compared with the previous year .
as a result , despite the events of the last month , the immatriculations accumulated during the 11 months are 40 percent less than those of the previous year .
since january , if you add all vehicles entering the category of light commercial vehicles - derived from cars , vans , pick-up fourgons light and light trucks with windows 95 853 have been sold .
high clouds that affect their request did not disappear . in fact , despite being bought by individuals , most of the purchases are made by small and medium enterprises , who pay in nearly 100 % with external funding .
as more involved by restricting credit restrictions , it should add other factors , such as the rise in the unemployment rate and the persistence of the bad economic situation .
faced with this situation , unlike the cars , aid to the purchase of the 2000e were used .
as well as individuals , independent and those who wish to acquire a commercial vehicle slightly less than 3.5 tonnes with a level of carbon dioxide emissions , which does not exceed 160 grams per kilometer , can also benefit , but the number of operations speaks for itself .
yesterday , in ganvam , it recalled once again the need for the government to pay special attention to these vehicles and industrial vehicles , trucks and buses .
the dealers ' association provides a 2010 similar to that end , for which it is falling sales , from cars and the suv 19 % .
the emergency brake is now required aid
as took place with the system anti-lock restrictions abs and it will take place with the esp , stability control systems for emergency aid to brake compulsory will form part of the european cars .
mandatory are already on the newly licensed passenger cars and light commercial vehicles , while the rest of a period of vehicles has been set up at the end of february 2011 .
the measure , imposed by the european union , is intended to strengthen the protection of pedestrians , although action , by the way , it can also help prevent many blows back .
an assistant to the emergency brake is increasing pressure on the emergency brakes detected by the system through shot in the foot of the driver .
but it has not always pressure until the end .
according to a study by the manufacturer of car components bosch , one third of the drivers involved in an accident did not support the brakes before the collision , and half of them did not benefit from its full force .
up to 1 , 100 accidents
intervention of aid , revancha , requires maximum braking system , cutting the distance which needed to stop the car .
according to a study by the eu , if all vehicles were equipped with this type of points , up to 1 100 pedestrian accidents in which are involved could be prevented each year .
the reduction would be even more important with the ' popularisation of smart emergency braking systems : it is a sinister on four with the injured would be avoided .
in this case , the vehicle is equipped with a system that with a radar and a camera , detect obstacles and prevents the driver , in addition to slightly on the brakes .
if the driver is applied , it helps increasing the pressure on the , if necessary .
if it does not act , that the crash is inevitable , it has a maximum effort in checks to minimize the damage .
general motors postponed until january the opel plan
when workers of the opel plant in figueruelas - zaragoza - have been warned by nick reilly , the new president of general motors , gm europe and that the production of the new meriva would be launched in the first week of april - may 8 , according to javier ortega , the american manufacturer has warned that it will need more time to conclude the opel rescue plan .
nick reilly , the new president of gm europe , to each of the plan was approved in advance by the parties concerned .
and that could mean that the final document will first be submitted to workers and the governments of the countries where plants , be postponed until early 2010 .
in gm , means , however , that a decision on the sale of saab should be made in the next few days .
so it is no surprise that the swedish government has stepped up pressure on the us manufacturer to take a decision as soon as possible .
gm says come into contact with a possible new buyers .
one of them could be geely , which aspires to acquire volvo , but the application of the dutch sports car manufacturer skyper , supported by the russian converg is increasing in importance .
if there is agreement with any of them , gm could sell part of saab baic chinese company .
the decision to close saab until the end of the year if it is not sold stands .
driving a porsche boxster spyder
to develop their final porsche and valuable gem , engineers went to the boxster s and succeeded in the amincir nothing less than 80 kilos , leaving the balance only 1 275 kilos .
this led to happen in the first place , the automatic roof which has been replaced by a roof bâché manuel , to reduce 21 kilograms , using doors in aluminium like those of the gt3 , 15 kilograms of less , to remove the climatiseur , 13 kilograms , reduce the 64 to 54 litres of petrol tank , 7 kilograms of sports bacquets earned to climb , 12 kilos , and light with tyres 19 inches , five kilos .
finally , they gave up the audio system cdr-30 , earning six kilograms and replaced the poignéesdes door handles with tissue , saving the remaining kilo .
although the model exists with the pdk box with a double embrayage manual , the test was carried out on a pretty box of secondary six speeds , mainly on the roads of the network of california , in the mountains , with particularly tortuous however .
's behaviour can only be described as pure .
reducing weight does not to drive cars on the ground with aplomb .
on the contrary , it was a long time since we had not tested model as a small and light , at the same time , guarantee security , particularly in the however , including at high speed .
it is a small athlete , capable of échauffer its musclesà small speed for as long as necessary , until we ask him to sprinter , to curb , to recover and to push the engine ...
out , this is what we wanted . in its direction , as forthcoming as accurate , the car will show our hands on the steering wheel .
and they will do so with surgical precision .
the engine will
the sound of her constantly boxing v6 , with 320 horses - 10 more than the boxster - was very successful and it can be strengthened with the option " sport " or through a system that is changing engine rugissement , already used the panamera .
the ability of acceleration is brutal , both the ruling or success .
the suspensions are uncomfortable firm , but not hard .
road surface we have travelled to the boyxster spyder was blighted enough , but the car has handled the nests of chicken .
electronic assistants were barely here on the route , while some however we found the ice in the early morning and graviers later in the morning .
in short , a car ultralégère , most divertissantes lead , which is much more than a simple change to the boxster s.
the car will be put up for sale in february last year , at a cost of 70 831 pounds .
bag " girl . "
intimate friend of karl lagerfeld , icon of the line coco cocoon and occasional starlette parades in the houses , the singer has face bad girl with such quantities that his bags chanel .
more than a " bad girl " and " it girl , " is a bag girl . "
the baskonia is a victory to israel
the caja laboral won a resounding victory in 91-82 hard during his visit on the ground of maccabi electra , despite repeated absences , whose team suffered from dusko ivanovic . it is at the top of his group , after the great spectacle of mirza teletovic , with eight baskets to three points was the best of his team , 29 assessment .
vitoria 's team was able to fill the absence of important herrmann , oleson huertas or micov by a large degree of commitment and collective work , even if it had to wait until the end to victory .
in addition , the great skill in the perimeter , with 16 baskets to three points scored , détermina far beyond the final victory .
the match started quickly for the blue and red , who had the advantage from the start .
the fact that the first four baskets of vitoria 's team should be conducted from the area , there was that they were hit on the ground with the israeli poignets hot .
english and teletovic were the principal author of the first quart-temps final 18-20 .
the second quart-temps was in the same tone , but the team of internal barac alava took the game and the eliyahu , who has been received with cheers and applause from returning to his old home , to increase their advantage in the break - 34-43 .
teletovic already began to draw attention to themselves as the best player of his team , with 13 points scored , while the " least six evaluating splitter was already predict that night was not the best of brazil .
but in this game , despite the fact that they are on the right track to the break , nothing was done , far from it , and the team of avala wanted to remind by vitoria , that it is not so easily on their land , and thanks to the hand of elias , they succeeded in entering the match .
eidson and pnini contributed significantly to the yellow , take the advantage in the light - 50-49 .
other issues
ivanovic , injured players , but far from dead , needed to follow some actions were to take the air , and then tell the mitraillette mirza teletovic , with three consecutive baskets at three points and the help of english and ribas remit the reassuring to score - 54-67 - meter and the local succeeded to increase at the end of the third quart-temps - 57-67 .
the team of avala sortit to play all for it in the last period and english and san emeterio - 60-75 avisèrent than they were tired person they take what they earned during the first 30 minutes .
pnini eidson , the best of their team , however , is not résignèrent and tried to support it in line with the three points , 70-77 .
despite this , and splitter ivanovic eliminated by mistakes , players can only be précipitèrent , advocated , and the israelis are converged at the last minute , 80-85 , the game was already up and the victory was in tel aviv for the first time in the season .
the injury prevents unicaja battle
the unicaja lost loudly in greece in olympiacos and gave him the lead in group b of the euroligue , in a match marked by the absence of the unicaja players , especially in the internal game - freeland , lima , and greek archibald - which have facilitated the victory .
malaga 's team was not intimidated by the enthusiasm of the flag of peace and friendship and the scale of the rival , probably one of the most powerful europe and with a big budget .
the game of the first quart-temps , has helped to make the dream in andalusia . an aggressive defence and three consecutive baskets to three points , two of the leading omar cook and a guillem rubio , who has ébloui local team 12-18 , in the ninth minute .
the olympiacos was surprised by the intensity of the unicaja , although the local team arsenal with the game within bourousis vujcic and schortsanitis , has helped to overthrow the score 22-20 , in the 13th minute , when an action , the beginning of fight between american leaders beverley and williams led the disqualification of the two players .
greek team has begun work by showing its superiority in the two sides , while the exit for the central english wound joel freeland and three fouls personal carlos jiménez pesaient on unicaja .
domestic players and the ailier lithuanian linas kleizas with baskets to three points , creusèrent 44-32 advantage in the 19th minute .
an impossible rise
the third period was particularly offensive to olympiacos , higher despite the losses , was 19 and came to match the difference of the contested in malaga 66-48 meeting , at the vingt-septième minute , making totter head the group .
the pivotal unicaja is trying to overcome the absence and the last out of the scottish robert archibald , injured during the meeting .
despite all these problems , the unicaja , thanks to his organization , to cook baskets at three points , and the support of lewis , left little hope with 66-57 , trente-et-unième minute .
but the victory was almost impossible because the olympiacos might be deadly if the players were to pressure and showed their superior centimeters in the area .
the croatian central nikola vujcic , manages to get the score to 81-62 , the trente-septième minute and unicaja soumit , accepting the victory of olympiacos .
how should be paid from the facebook profile ?
facebook users can know the salary to warrant on their profile , thanks to a new application of trovit , the search engine with the largest number of small estate ads , employment and vehicles in spain .
the tool that should be paid ? " calculates the wages of users from more than 140 , 000 jobs available to trovit offer in spain , from a form available on facebook , where you put your profession , your years of experience , age and the city where you want to work .
last week that enforcement works , the search engine has found that in general , the spanish workers ' is poorly paid , said in a statement in charge of trovit , albert ribera products .
according to trovità data from its search engine in the united kingdom and france , the spanish are less money .
a british computer programmeur is 45 annual gross 226 euros and a frenchman , 31 059 , when a spanish gets 24 thousand euros .
similarly , a driver is 34 annual gross 247 euros in england , 25 751 16 420 in spain and france .
according to trovit is the worse in spain , the work of annual net server , with 11 592 euros , followed by the seller , with 14 725 euros , and workers , with 15 667 euros .
internet 's most wanted jobs over the past three months are the driver , the people in half , and the social worker .
brazil sets a date for the start of zelaya
the brazilian government has set a deadline for manuel zelaya 's stay in the embassy in tegucigalpa .
the deposed president will leave the diplomatic légation on 27 january 2010 at the latest , an official date for the end of his term .
francisco catunda , in charge of affairs of the brazilian embassy in the capital of honduras , globo tv confirmed that " mel knows he must leave the embassy , where it is refugee since september 21 , before that date .
" he knows that it must be based on january 27 , at the end of his term , he must find another destination . "
the channel has quoted the former agent , who confirmed his intention to leave the embassy before the end of the deadline stated : " my position is logical to leave as soon as possible , with support from the brazilian government , " zelaya said by telephone .
following the elections on november 29 , when porfirio lobo was elected , zelaya said that he would remain in the brazilian embassy until january .
however , the same week , he tried to seek asylum in brazil .
operation ultimately failed , as zelaya has rejected the condition of political exile , that will impose the government led by roberto micheletti .
thank you
after day roses asset since last spring , when inflation was the dominant note on the markets , the uncertainty arises again , it is not surprising because it is their natural state , in an area where the agents to take decisions on an uncertain future in nature .
the remedy used by the central bank to stabilise the markets was the direct purchase of assets to monetize the debt and indirectly , by providing abundant liquidity rates close to zero , so that the purchase of assets to mobilize financial institutions .
central banks have already confirmed that the direct purchase of assets have almost been finalised , and , without prejudice to their political maverick of liquidity , started to put a bit of sand in the machinery , such as the ecb , with their award for one year to the next week .
as a result , investors have doubts about the ability of the global economy to maintain an economic revival without heterodox measures and we are witnessing a inversely to reduce the risk premium .
volatility grants and different corporate bonds rise again , although they remain distant paranormaux levels they have reached at the beginning of this year .
states have been forced to socialising the risk of private and public debt is threatened once again .
there is again a flight to quality and the united states , japan and germany were refuges selected by investors , provocative growing differences between germany and the euro zone countries .
spain was hardly affected by this episode of instability , but then standard & poor 's threatened further downward revision of the qualification of the kingdom of spain .
on the other hand , some uncertainty is not a bad moral risk , which advocates to silence tried again to create a case of awareness among lesresponsables global economic policy , which had impeded the destructive effects resulting from the credit limit on the destruction of employment , and what we should do is declare a new action day pardons .
dubai , however , the situation seems to be a fight between tribal sheiks to restore its place in power in the emirates , and we have already seen the case of greece .
a government that conceals a public deficit of elections and a new government that finds the pot with roses .
prodi did socrates after berlusconi in italy and portugal after durão barroso .
it is quite irrational ecofin hungary saved a breach of its external payments at the beginning of the year and not to allow a member of the euro zone to respect its commitments .
what makes sense , however , is that the ecofin incited the greek government transparency and give people share the extraordinary measures are needed to maintain the stability of its public finances .
if , as expected , we are facing a transitional round of normalization of risk premium , after some excesses in positions would be expected .
in the case of spain as long as our differences in the public debt has risen to the obligations of european companies , nousn' have not to worry .
if our differences and that the europeans were continued to rise , then it would be a risk idiosyncrasique spain .
the standard & poor 's case is a story . when our forecast indicators most studies services must anticipate their models of recovery and revise upward their forecasts for 2011 , with the oecd and the european commission , which are met with a japanese pourl spanish economy model , it adds little hope for their warning .
again , it is all seem to be an excellent opportunity to buy assets in spain , although for the moment " caution is mother safety . "
connected areas
iberdrola , ignacio sanchez galán chairman , yesterday , was the first to speak before the subcommittee of the congress of deputies , which is discussed in recent days spain 's energy strategy for the next two decades .
after his speech , which was followed by the president of gas natural-fenosa , rafael villaseca , mr galán outlined for the press that he was touched by the subcommittee , huit-clos .
for the president of iberdrola , spain needs to invest 50 million by 2020 and 60 000 million between now and 2030 , if today the nuclear power plants in operation would remain open .
if not , the investment but will not estimated at 60 billion to 95 million .
iberdola , however , believes that for the next decade , the investment should not be used to increase the production capacity , but the distribution networks and to international connections .
by 2020 , the exchange , and it will increase the power .
his bet focuses on both gas and coal plants , with the recovery of the carbon dioxide and mechanisms , especially on renewable energy .
in this field , he believes that 18 , 000 megawatts more are needed , along with other sources of support . "
galán sustainable economy , which believes that the draft law that the government is to approve along the lines of what is his company , did not want to tackle the royal decree to promote the use of coal , which contradicts the national policies to combat global warming .
according to him , there is a clear challenge to the long term in this direction , " despite the " specific measures , " as the president has called for iberdrola .
however , galán think investment decisions , although they are in the long term , will start to be taken , as they put some time to reach maturity and a lucrative stable framework is needed to address them .
ferrovial won the handling of aer lingus in ten airports market
the swiss company swissport airport services subsidiary of ferrovial on earth , will play the role of the irish airline aer lingus , privileged partner for goods , services in 10 european airports where it is present .
paris , frankfurt , london and brussels are among the most important .
the agreement , including economic terms were not disclosed , a period of five years .
reports of ferrovial , the junta to castilla-la mancha yesterday and the university of alcalá de henares signed a protocol of cooperation in order to create the intelligent innovation centre of infrastructure .
the alliance is an investment of 20 million to 2012 , 50 % from ferrovial .
one of the tasks of the centre will carry out research on energy efficiency on the roads and airports .
acciona dispute his first highway in australia hochtief and bouygues
acciona fights for his first motorway concession in australia , in which it is already market as energy and water management company .
the task at hand is a tunnel which is estimated at 1.7 million australian dollars , around 1 047 million euros .
the french company bouygues , the german company hochtief its rival .
a tunnel of 5 kilometres long in the australian city of brisbane , on the east coast , is the option for acciona to settle in the country as a public works company and distributor of highways .
the city 's city hall to access for late 2014 .
having chosen the ppp public / private partnership - for its initials in english in order to carry out the project , within the framework of a plan to do under the supervision of erns & young , the local administration already has a list of finalistes which will be responsible for the construction and operation of the toll .
in anticipation of the submission of bids in may , the planned investment stands at 1.7 million australian dollars approximately 1 047 million euros , and in the last phase three consortiums compete with a significant presence in european manufacturers .
the group called transcity is led by acciona only spanish company smoothly , and his associates are ghella mdbs .
the first australian is one of the largest manufacturers , as the second , based in italy is one of the largest european experts to work underground .
against acciona , will hurt the team they direct northern , with the presence of the british company laing o rourke , the australian manager transfield infrastructure and the french manufacturer bouygues group .
the third and final consortium has passed the test is lbrjv , whose capital is shared between the australian leighton , of the german manufacturer hochtief subsidiary , which in turn has the participation of local acs , another company , baulderstone - ownership of the german bilfinger berger and the welsh company specialized in public works projects , razel .
the australian market infrastructure agrees to major issues and privatisations , but getting is a very difficult , if not through acquisition of a local construction company .
a strategy that followed the asian firms hochtief and bilfinger mentioned , in addition to their credentials , and which is still a step not approved for the spanish giants from the sector .
acs is just to win a place in the market by its participation of 30 % of hochtief , owner of leighton .
are millionaires
acciona put on a geographical area of great importance for the industry , which already has a large presence through its office of energy supplier and within the framework of the désalinisation .
among other assets , it has the largest number of wind turbines , the waubra , 192 mw in victoria , and leading the reunification of companies responsible for building and managing the dessalinisateur adelaïde , with a budget of $ 700 million .
it now intends to strengthen these two areas and to take advantage of the synergy to enter the market of the construction and management of infrastructure .
underground road toll , promoted by the bureau of infrastructure in the city of brisbane and the northern link , linking north , will link the peripheral toowong the route to western highway kelvin grove , see the map , by four kilometers of existing tunnel . it is the largest project to reduce traffic congestion in brisbane .
the schedule set by the administration says that the competition will take place during the summer of 2010 , and that the work will start in next december .
in spite of the fact that the road will be open to traffic toll after 2014 , it is not expected that the project would be completed by 2016 .
the tunnel began to be designed in 2005 .
include two times two ways , a complex system of electronic toll and a ventilation system .
the queensland government will provide 500 million australian dollars , 308 million euros in funding .
brisbane is already work for hochtief
australia still largely profit hochtief , who said yesterday reaching a contract with the government reached 154 million .
the company owned by acs is ready , through its subsidiary , local leighton , establishing the national optical fibre broadband network .
this intervention will quickly to 400,000 people have access to the internet and provide jobs for the german company for 18 months .
on the other hand , the company gave the project for the construction of the tour king george , 27 , in the city of brisbane floors . the work has not yet started and hochtief said the sale to 129 million .
in britain , in manchester , it shares with laing o rourke school construction and management of two groups for 25 years .
the initial investment is 75 million euros .
fcc is adjudiquer tunnel in slovenia to 64 million
fcc alpine , through its subsidiary , has adjudiquer building a 2.1 kilometers long on a highway tunnel in slovenia , for a total of 64,5 million euros .
the company won the contract , days after having held responsible for work of expansion of the bosruck tunnel , austria , for a total of 130 million .
alpine consolidates with its experience in the tunnels .
the launch of the project is scheduled for the beginning of 2010 and its implementation will take 32 months .
sra . rushmore is adjudiquer renfe advertising
renfe said advertising and marketing services for the next two years to the agency sra rushmore , a budget of around three million euros a year , the railway operator said .
the contract refers to the possibility of two extensions of 12 months each . sra . rushmore was chosen among 16 agencies that have arisen in the tender organised by renfe , of which four have been finalistes , tbwa who was responsible for creativity in the last three years .
from now on , sra rushmore will be in charge of the design and production in the countryside .
a fine of 63 million to france telecom to reduce competition
french competition regulator has imposed a fine of 63 million euros in france telecom 's anti-competitive conducted in the caribbean region of the country .
according to this institution , the operator has restricted competition in fixed and mobile telephony by signing exclusive agreements , prices and consumer loyalty programs on the fringes of the regulation .
with this step , the former french monopoly and state company , is more than 450 million euros in fines , since 1994 , because it puts obstacles to its competitors .
the sanctioning yesterday has been increased because the authority that ensures competition believes that france telecom has made similar attacks in the past and it is therefore repeat offender .
a shop in applications
on the other hand , the french branch of the mobile phone company attended the wake of other operators and opened a shop internet applications , with the aim of increasing revenues , which do not come from the transmission of voice .
initially , the website of orange applications will be active in france and the united kingdom .
it will have to wait until 2010 to happen in other countries , such as spain .
participation in the champions league at real madrid and barça told 476,4 million since its creation
the champions league has become a source of income for the club , since its inception in 1992 .
in fact , real madrid and f.c. barcelona won 467,4 million , which put them in third and fifth clubs who have earned more money in this competition .
the manchester united at the top of the list .
the manchester united at the top of the list .
won the uefa champions league does not only show . it is also one of the main sources of income for the big clubs .
indeed , the competition has distributed 5 362,5 million euros to 105 spanish teams , including 12 who participated in the event since the creation of the tournament , in the 1992 season , according to information from the uefa .
the f.c. barcelona and real madrid have been served in this division .
the continent 's white was the third club to reach the more money for his participation , and only one , with the a.c. milan , has won three times the area .
the catalan club , now with the title and last winner of the former european cup in 1992 , is the fifth on the list .
at the top of the list are manchester united and bayern munich , the two teams , and have charged the more money for their participation in the last champions league .
and that , despite the fact that they lost in the barça .
on the other hand , spain is only the third country , in terms of money reported in the champions league , it has won more titles than any other , five , while italy has won four , england and germany , two - three .
-
this apparent paradox is due to the complex process of distribution of money used by uefa .
this year 's body headed by michel platini expects to earn 1 090 million from the champions league .
of this amount , uefa will 413,1 million fixed payments . each of the 20 clubs who attended the classification matches , including the madrid atlético has received 2.1 million .
moreover , those who have managed to take part received only to be 3.8 million , in addition to midnight 550 euros for each match played .
there is also a bonus in the event of victory - 800,000 euros and equal - 400 thousand for each team . those who arrive in huitièmes receive three million each , the final eight teams arrive in final quarter of reçoivent3,3 million .
the last four teams will be 4 million each .
and the champion will 9 million , compared to 5.2 received final from the other .
as well as fixed payments , a club gain at least 7.1 million , and a maximum 31,2 million .
on the other hand , the barça earned 2.5 million on winning the european super cup in august .
but there are varying payments , which goes 337,8 million .
this money is distributed according to the proportion of each television market value .
the spanish market is one of the most important , with four attitrées exchanges .
the champion of last year is making 40 % of the money allocated 30 % in the second , 20 for the third and 10 percent in the fourth .
the other part will be made according to the number of matches played at edition of the year .
nueva rumasa offers 61 million euros for sos 29.9 percent .
the nueva rumasa listed yesterday the details of the offer to purchase shares in which it intends to acquire a maximum 25 29.9 percent of the capital of sos .
a percentage that does not oblige it to launch a takeover bid - bid for the whole of the titles .
specifically , nueva rumasa offers 1,5025 euros per share , which will be available in 10 years and will be paid at a rate of 1 percent per year for the delay .
yesterday , the actions of sos have completed at 1.85 euros , supply of nueva rumasa evaluates the company 18 percent below the market .
in nueva rumasa , the price of one and a half pounds reflects the real evaluation of the sos .
the offer is conditional on the nomination of eight of the 15 councillors .
the group of jerez gives a period of 15 days for shareholders show an interest in the sale of securities .
the cnmv said have not been informed of this offer ruiz mateos , although the company has said it had been in contact with the regulator .
if it were to happen , the disbursement is presented to 611,7 million , while the capital of sos is 254,27 million .
sos , meanwhile , continues a restructuring of its leadership .
in a bid to remain out of any offers to buy and criminal and goes on his former directors , the brothers jesús and jaime salazar , announced the election of maria luis jordá as head of internal audit .
a decision as the first woman to occupy a leading post in the food business .
it is a newly created post , which will directly from the president of the group .
and it is not immune from legal argument , because the company is submerged in the battle for the alleged misappropriation of sos to companies of more than 230 million salazar .
moreover , the possibility that in the next few months sos reveals new misappropriation of funds could not be ruled out .
on credit for salazar , the former advisers ildefonso ortega and ángel fernández noriega , representatives of the ccm and unicaja said yesterday before the high court that they were informed of the diversion of 212 million without knowing its destination .
the cnmv allows the exclusion of takeover paternina presented by inversora sea
the national commission of the stock market , cnmv gave yesterday by inversora sea 's takeover of exclusion to federico paternina on 9 october .
the supervisory body said it allowed this operation because he understood that his words to ajustaient standards and explanatory that he considered " enough " the contents of the documents presented , following the changes implemented on december 2 last year .
the cnmv said that the offer is the acquisition of 550 008 actions of federico paternina at a price of 7,65 euros per share , which represents 8,95 % of the capital , with 6 142 786 actions admitted to trading on the stock exchanges in madrid and bilbao .
he also explained that five 592 778 million shares were immobilisées , and could in no way be sent before the completion of the offer , he said that the price set by federico paternina in accordance with the provisions of the standards .
tools for the expertise of cars
in these days of bad weather and car accidents , garages are not the only winner .
every day , thousands of cars were a grim are brought up in a garage , where an expert to assess the damage , and the cost of repairs .
every disaster is different , and calculate the cost of coins workforce and the time can be a long and complex process .
calculating compensation to shoulder the cost of between 20,000 and 30,000 euros , including documents and the workforce could take two or three hours .
on the other hand , with the assistance of the latest computer tools , it is a matter of minutes .
it is for that reason that nearly 100 % from using this type of system .
service providers and solutions for the evaluation of claims and maintenance are in collecting information from manufacturers , and then treat them and offer them to customers in the form of a useful tool .
in spain , audatex , leader of the usa solera , is the company ; 80 % of the assessments are made with its products .
other companies to compete in the field of assessment tools and providing information on the sector are gtmotive and eurotax .
working with the information provided by the manufacturers is far from easy .
according to audatex eduardo velázquez , commercial director , the company in spain , with 63 manufacturers and importers , each of them provide information in a different format .
in addition , the amount of data to treat continues to grow , so that in the past five years , more than versions , varieties , and motorisations were launched in the past 15 years .
when a new car lot on the market , they are at work .
it is a very difficult , because we need catalogue every thousand pieces of the vehicle and keep prices .
in addition , it sets a graphic image " intelligent " of each model on which we can click on different parts of a car to tourism .
if there is a model sold en masse , the work could be ready in a week if they are moving very quickly .
if it is a little car sold , it could take three or four months . now , audatex has information about 99,2 % of the cars sold in spain .
among the most exclusive models , for example , they have information on the porsche , but the ferrari and lamborghini .
on vehicles on the road , the figure is 99 percent .
documentation for the job and preparing the databases , audatex has eight centers spread all over the world in spain , france , germany , the united states , brazil , mexico , china and japan , and all of them are specialized in certain brands .
the national headquarters is located alcobendas in madrid .
there , more than 100 experts or mechanical general experts work simultaneously in three computer screens .
audatex invest 90 million every year to make these databases .
each month , 2.5 million data is stored , and consumers are actualisations every two days .
drafting of this huge flow of information to allow them to provide various uses , and to offer a variety of products .
the most frequent application for repairs and maintenance , but in different countries , there is also tools for managing the residual or damage to calculate the value vénale or parts from a car .
the only company that has a guide to making inquiries on the value of eurotax used car in spain .
audatex does not propose to our country , but it is in the united states .
in view of the products offered by audatex , it is easy to find out what kind of support it can provide to professionals .
this company provides 10 different tools , the flagship , audaplus evaluation standard , the solution of claims , and for experts .
there are cars , motorcycles , industrial light and heavy vehicles .
in addition to the cost of repair parts , it takes into account the time estimated by the manufacturer and fees of paint .
this tool comes according to its use of every estimate .
the higher cost of 5.75 euros , for customers who use a little , the maximum 10 times per month .
then every insurance company , which has thousands of expertise , is negotiating a price with audatex .
other products , such as audavin , allow the full identification of a vehicle and equipment , with whom he is out of the assembly line , only in the number of windows .
audaglass focuses on the glass of cars , and audasubastas is an internet server opened the business sector , which has enchérir on vehicles declared wrecks .
office of statistics is very useful to identify trends , conducting tests géo-démographiques or know the current problems of brand and model .
it is possible to study , for example , how many models of a certain brand went in the garage for a bus or how suffered serious claims for a certain period .
gt basis is the only spanish company dedicated to the development of such tools .
it is selling , among other things , gt estimate , which is also aimed at experts and provides digital images , as well as access to documents , official price and time manufacturers .
gt drives is a business of the einsa , founded in 1971 as a provider of services and solutions assessment , maintenance outages or devoiture disasters .
the historical reference guides gt evaluation is a product on the market .
the company is working with 24 , 000 users in garages , 3 100 experts , 53 insurance companies .
its business volume has grown at a rate of 20 percent per year over the past three years , and it made a turnover of 10,8 million in 2008 .
at the beginning of last year , it began the process of globalization , with the establishment of an office in paris .
for his part , audatex was born in germany in 1996 and has served in spain in 1979 .
according to sources from the company , 62 percent of its turnover is carried out in europe and the rest of the world , and the remaining 38 % in north and south america and is working with 900 insurance companies and 33 , 000 , of which 3,000 are garages in spain .
the turnover of the global solera - audatex , sidexa informex abz , hollander and ims to amount to $ 557 million , more than 3.3 % in 2008 .
in our country , the company will 19.1 million , or 7.2 percent more than last year .
in 2005 , the group solera was quoted on the stock exchange to 1 billion dollars , today , its actions are estimated at a total of 2 , 400 million dollars .
for 2007 , it was behind the new york stock exchange , part of the benchmark standard & poor 's index .
internet auction accidentées cars
in october last year , the group has bought autoonline solera , internet platform for the sale of cars , motorcycles and cars special victims .
the operation has involved a cost 59,5 million euros for 85 percent of the company 's capital , which would broaden the next year to 15 % .
the aim of the acquisition is to provide more services in added value to customers , with the possibility of reaching a huge international market .
estimates of this service and is focused only on sale of workers in the sector , such as insurance companies , experts , leasing companies , the garages , professional casses and vendors who must be registered before starting to carry out operations .
this platform was created in 1996 to germany and manages more than 650 thousand operations throughout europe , including 500,000 in germany .
in its main markets are spain , greece , poland and turkey .
there are currently more than 1500 sellers and 4,000 experts made on the site .
it manages 3,000 announcements per day , and the spanish market , 100 new statements are issued every day .
under spanish law , a car with the chassis number has been removed can no longer walk , but on the other hand , some parts that are not damaged can be used as spare parts .
vintage cars can be réenregistrées complex , although they have been withdrawn after steps .
estimate a garage in four stages
with the auda-taller tool , the company audatex guarantees that the user gets an estimate only four steps : identifying the vehicle , seeking the room to spare , creating an estimate and generate .
the ease of use is an essential element of these systems , to convince the older workers who , to a greater or lesser extent , are resistant to the use of new management techniques .
the database includes 1 034 , 666 of cars , 109 tout-terrains , 137 motorcycles , 78 vans and 44 trucks .
naturally , to use a computer and internet connection is needed .
once the model to repair identified with the number of windows , a graphic image model in question is can you really selects the most needed .
the user can include variables such as the price of the workforce , supplements or reduced , then you can set the estimate for the return to the customer .
audataller is not a tool to estimate as audaplus , but a series of references .
the main difference between the two systems is that for the garages do not include the estimated time of workforce .
the cost of using this tool in the garage of 350 euros a year , which can be a credit .
at present , the company audatex working so that these pictures are in three dimensions .
this is something that engineers are a very positive because it will , for example , to select a door and turn to see the internal front .
